<?xml version="1.0" encoding="UTF-8" ?>
<testsuite failures="0" time="0.045" errors="1" skipped="0" tests="1" name="com.boardgamebrag.dao.UserDAOTest">
  <properties>
[...]
</properties>
  <testcase time="0.015" classname="com.boardgamebrag.dao.UserDAOTest" name="testFindById">
    <error message="Unresolved compilation problems: 
	The import org.hibernate.internal cannot be resolved
	The import org.hibernate.service cannot be resolved
	The import org.hibernate.service cannot be resolved
	The import org.hibernate.service cannot be resolved
	ServiceRegistry cannot be resolved to a type
	ServiceRegistryBuilder cannot be resolved to a type
	SessionFactoryImpl cannot be resolved to a type
	SessionFactoryImpl cannot be resolved to a type
	DatasourceConnectionProviderImpl cannot be resolved to a type
	DatasourceConnectionProviderImpl cannot be resolved to a type
" type="java.lang.Error">java.lang.Error: Unresolved compilation problems: 
	The import org.hibernate.internal cannot be resolved
	The import org.hibernate.service cannot be resolved
	The import org.hibernate.service cannot be resolved
	The import org.hibernate.service cannot be resolved
	ServiceRegistry cannot be resolved to a type
	ServiceRegistryBuilder cannot be resolved to a type
	SessionFactoryImpl cannot be resolved to a type
	SessionFactoryImpl cannot be resolved to a type
	DatasourceConnectionProviderImpl cannot be resolved to a type
	DatasourceConnectionProviderImpl cannot be resolved to a type

	at com.boardgamebrag.util.HibernateAnnotationSessionFactoryBean.&lt;init&gt;(HibernateAnnotationSessionFactoryBean.java:10)
	at com.boardgamebrag.dao.UserDAOTest.setup(UserDAOTest.java:19)
	at sun.reflect.NativeMethodAccessorImpl.invoke0(Native Method)
	at sun.reflect.NativeMethodAccessorImpl.invoke(NativeMethodAccessorImpl.java:39)
	at sun.reflect.DelegatingMethodAccessorImpl.invoke(DelegatingMethodAccessorImpl.java:25)
	at java.lang.reflect.Method.invoke(Method.java:597)
	at org.junit.runners.model.FrameworkMethod$1.runReflectiveCall(FrameworkMethod.java:44)
	at org.junit.internal.runners.model.ReflectiveCallable.run(ReflectiveCallable.java:15)
	at org.junit.runners.model.FrameworkMethod.invokeExplosively(FrameworkMethod.java:41)
	at org.junit.internal.runners.statements.RunBefores.evaluate(RunBefores.java:27)
	at org.junit.runners.BlockJUnit4ClassRunner.runNotIgnored(BlockJUnit4ClassRunner.java:79)
	at org.junit.runners.BlockJUnit4ClassRunner.runChild(BlockJUnit4ClassRunner.java:71)
	at org.junit.runners.BlockJUnit4ClassRunner.runChild(BlockJUnit4ClassRunner.java:49)
	at org.junit.runners.ParentRunner$3.run(ParentRunner.java:193)
	at org.junit.runners.ParentRunner$1.schedule(ParentRunner.java:52)
	at org.junit.runners.ParentRunner.runChildren(ParentRunner.java:191)
	at org.junit.runners.ParentRunner.access$000(ParentRunner.java:42)
	at org.junit.runners.ParentRunner$2.evaluate(ParentRunner.java:184)
	at org.junit.runners.ParentRunner.run(ParentRunner.java:236)
	at org.apache.maven.surefire.junit4.JUnit4TestSet.execute(JUnit4TestSet.java:53)
	at org.apache.maven.surefire.junit4.JUnit4Provider.executeTestSet(JUnit4Provider.java:123)
	at org.apache.maven.surefire.junit4.JUnit4Provider.invoke(JUnit4Provider.java:104)
	at sun.reflect.NativeMethodAccessorImpl.invoke0(Native Method)
	at sun.reflect.NativeMethodAccessorImpl.invoke(NativeMethodAccessorImpl.java:39)
	at sun.reflect.DelegatingMethodAccessorImpl.invoke(DelegatingMethodAccessorImpl.java:25)
	at java.lang.reflect.Method.invoke(Method.java:597)
	at org.apache.maven.surefire.util.ReflectionUtils.invokeMethodWithArray(ReflectionUtils.java:164)
	at org.apache.maven.surefire.booter.ProviderFactory$ProviderProxy.invoke(ProviderFactory.java:110)
	at org.apache.maven.surefire.booter.SurefireStarter.invokeProvider(SurefireStarter.java:175)
	at org.apache.maven.surefire.booter.SurefireStarter.runSuitesInProcessWhenForked(SurefireStarter.java:107)
	at org.apache.maven.surefire.booter.ForkedBooter.main(ForkedBooter.java:68)
</error>
  </testcase>
</testsuite>